Using pre-set license
Built from '2022.3/staging' branch; Version is '2022.3.21f1 (bf09ca542b87) revision 12519882'; Using compiler version '192829333'; Build Type 'Release'
OS: 'Windows 11  (10.0.22621) 64bit Professional' Language: 'ru' Physical Memory: 16088 MB
BatchMode: 1, IsHumanControllingUs: 0, StartBugReporterOnCrash: 0, Is64bit: 1, IsPro: 1

COMMAND LINE ARGUMENTS:
D:\Programms\Unity\2022.3.21f1\Editor\Unity.exe
-adb2
-batchMode
-noUpm
-name
AssetImportWorker1
-projectPath
D:/РњРѕРё РґР°РЅРЅС‹Рµ/РљСѓСЂСЃРѕРІР°СЏ СЂР°Р±РѕС‚Р° 6 СЃРµРјРµСЃС‚СЂ/Game_Dino/My games dino
-logFile
Logs/AssetImportWorker1.log
-srvPort
55935
Successfully changed project path to: D:/РњРѕРё РґР°РЅРЅС‹Рµ/РљСѓСЂСЃРѕРІР°СЏ СЂР°Р±РѕС‚Р° 6 СЃРµРјРµСЃС‚СЂ/Game_Dino/My games dino
D:/РњРѕРё РґР°РЅРЅС‹Рµ/РљСѓСЂСЃРѕРІР°СЏ СЂР°Р±РѕС‚Р° 6 СЃРµРјРµСЃС‚СЂ/Game_Dino/My games dino
[UnityMemory] Configuration Parameters - Can be set up in boot.config
    "memorysetup-bucket-allocator-granularity=16"
    "memorysetup-bucket-allocator-bucket-count=8"
    "memorysetup-bucket-allocator-block-size=33554432"
    "memorysetup-bucket-allocator-block-count=8"
    "memorysetup-main-allocator-block-size=16777216"
    "memorysetup-thread-allocator-block-size=16777216"
    "memorysetup-gfx-main-allocator-block-size=16777216"
    "memorysetup-gfx-thread-allocator-block-size=16777216"
    "memorysetup-cache-allocator-block-size=4194304"
    "memorysetup-typetree-allocator-block-size=2097152"
    "memorysetup-profiler-bucket-allocator-granularity=16"
    "memorysetup-profiler-bucket-allocator-bucket-count=8"
    "memorysetup-profiler-bucket-allocator-block-size=33554432"
    "memorysetup-profiler-bucket-allocator-block-count=8"
    "memorysetup-profiler-allocator-block-size=16777216"
    "memorysetup-profiler-editor-allocator-block-size=1048576"
    "memorysetup-temp-allocator-size-main=16777216"
    "memorysetup-job-temp-allocator-block-size=2097152"
    "memorysetup-job-temp-allocator-block-size-background=1048576"
    "memorysetup-job-temp-allocator-reduction-small-platforms=262144"
    "memorysetup-allocator-temp-initial-block-size-main=262144"
    "memorysetup-allocator-temp-initial-block-size-worker=262144"
    "memorysetup-temp-allocator-size-background-worker=32768"
    "memorysetup-temp-allocator-size-job-worker=262144"
    "memorysetup-temp-allocator-size-preload-manager=33554432"
    "memorysetup-temp-allocator-size-nav-mesh-worker=65536"
    "memorysetup-temp-allocator-size-audio-worker=65536"
    "memorysetup-temp-allocator-size-cloud-worker=32768"
    "memorysetup-temp-allocator-size-gi-baking-worker=262144"
    "memorysetup-temp-allocator-size-gfx=262144"
Player connection [18592] Host "[IP] 192.168.56.1 [Port] 0 [Flags] 2 [Guid] 1554362809 [EditorId] 1554362809 [Version] 1048832 [Id] WindowsEditor(7,cucumberPC) [Debug] 1 [PackageName] WindowsEditor [ProjectName] Editor" joined multi-casting on [225.0.0.222:54997]...

Player connection [18592] Host "[IP] 192.168.56.1 [Port] 0 [Flags] 2 [Guid] 1554362809 [EditorId] 1554362809 [Version] 1048832 [Id] WindowsEditor(7,cucumberPC) [Debug] 1 [PackageName] WindowsEditor [ProjectName] Editor" joined alternative multi-casting on [225.0.0.222:34997]...

[Physics::Module] Initialized MultithreadedJobDispatcher with 15 workers.
Refreshing native plugins compatible for Editor in 34.90 ms, found 4 plugins.
Preloading 0 native plugins for Editor in 0.00 ms.
Initialize engine version: 2022.3.21f1 (bf09ca542b87)
[Subsystems] Discovering subsystems at path D:/Programms/Unity/2022.3.21f1/Editor/Data/Resources/UnitySubsystems
[Subsystems] Discovering subsystems at path D:/РњРѕРё РґР°РЅРЅС‹Рµ/РљСѓСЂСЃРѕРІР°СЏ СЂР°Р±РѕС‚Р° 6 СЃРµРјРµСЃС‚СЂ/Game_Dino/My games dino/Assets
GfxDevice: creating device client; threaded=0; jobified=0
Direct3D:
    Version:  Direct3D 11.0 [level 11.1]
    Renderer: NVIDIA GeForce RTX 3050 Laptop GPU (ID=0x25a2)
    Vendor:   NVIDIA
    VRAM:     3964 MB
    Driver:   31.0.15.5176
Initialize mono
Mono path[0] = 'D:/Programms/Unity/2022.3.21f1/Editor/Data/Managed'
Mono path[1] = 'D:/Programms/Unity/2022.3.21f1/Editor/Data/MonoBleedingEdge/lib/mono/unityjit-win32'
Mono config path = 'D:/Programms/Unity/2022.3.21f1/Editor/Data/MonoBleedingEdge/etc'
Using monoOptions --debugger-agent=transport=dt_socket,embedding=1,server=y,suspend=n,address=127.0.0.1:56120
Begin MonoManager ReloadAssembly
Registering precompiled unity dll's ...
Register platform support module: D:/Programms/Unity/2022.3.21f1/Editor/Data/PlaybackEngines/WebGLSupport/UnityEditor.WebGL.Extensions.dll
Register platform support module: D:/Programms/Unity/2022.3.21f1/Editor/Data/PlaybackEngines/WindowsStandaloneSupport/UnityEditor.WindowsStandalone.Extensions.dll
Registered in 0.013573 seconds.
- Loaded All Assemblies, in  1.327 seconds
Native extension for WindowsStandalone target not found
Native extension for WebGL target not found
Mono: successfully reloaded assembly
- Finished resetting the current domain, in  1.041 seconds
Domain Reload Profiling: 2369ms
	BeginReloadAssembly (406ms)
		ExecutionOrderSort (0ms)
		DisableScriptedObjects (0ms)
		BackupInstance (0ms)
		ReleaseScriptingObjects (0ms)
		CreateAndSetChildDomain (2ms)
	RebuildCommonClasses (122ms)
	RebuildNativeTypeToScriptingClass (37ms)
	initialDomainReloadingComplete (194ms)
	LoadAllAssembliesAndSetupDomain (567ms)
		LoadAssemblies (405ms)
		RebuildTransferFunctionScriptingTraits (0ms)
		AnalyzeDomain (560ms)
			TypeCache.Refresh (555ms)
				TypeCache.ScanAssembly (513ms)
			ScanForSourceGeneratedMonoScriptInfo (2ms)
			ResolveRequiredComponents (2ms)
	FinalizeReload (1043ms)
		ReleaseScriptCaches (0ms)
		RebuildScriptCaches (0ms)
		SetupLoadedEditorAssemblies (812ms)
			LogAssemblyErrors (0ms)
			InitializePlatformSupportModulesInManaged (35ms)
			SetLoadedEditorAssemblies (24ms)
			RefreshPlugins (0ms)
			BeforeProcessingInitializeOnLoad (9ms)
			ProcessInitializeOnLoadAttributes (581ms)
			ProcessInitializeOnLoadMethodAttributes (162ms)
			AfterProcessingInitializeOnLoad (0ms)
			EditorAssembliesLoaded (0ms)
		ExecutionOrderSort2 (0ms)
		AwakeInstancesAfterBackupRestoration (0ms)
========================================================================
Worker process is ready to serve import requests
Begin MonoManager ReloadAssembly
- Loaded All Assemblies, in  2.528 seconds
Refreshing native plugins compatible for Editor in 14.07 ms, found 4 plugins.
Native extension for WindowsStandalone target not found
Native extension for WebGL target not found
Package Manager log level set to [2]
[Package Manager] Server::EnsureServerProcessIsRunning -- launch failed, reason: Unity was launched with the -noUpm command-line argument
[Package Manager] UpmClient::Send -- Unable to send message (not connected to UPM process).
[Package Manager] Cannot connect to Unity Package Manager local server
Mono: successfully reloaded assembly
- Finished resetting the current domain, in  2.536 seconds
Domain Reload Profiling: 5064ms
	BeginReloadAssembly (593ms)
		ExecutionOrderSort (0ms)
		DisableScriptedObjects (22ms)
		BackupInstance (0ms)
		ReleaseScriptingObjects (0ms)
		CreateAndSetChildDomain (60ms)
	RebuildCommonClasses (156ms)
	RebuildNativeTypeToScriptingClass (44ms)
	initialDomainReloadingComplete (153ms)
	LoadAllAssembliesAndSetupDomain (1580ms)
		LoadAssemblies (1216ms)
		RebuildTransferFunctionScriptingTraits (0ms)
		AnalyzeDomain (739ms)
			TypeCache.Refresh (617ms)
				TypeCache.ScanAssembly (559ms)
			ScanForSourceGeneratedMonoScriptInfo (94ms)
			ResolveRequiredComponents (26ms)
	FinalizeReload (2537ms)
		ReleaseScriptCaches (0ms)
		RebuildScriptCaches (0ms)
		SetupLoadedEditorAssemblies (1817ms)
			LogAssemblyErrors (0ms)
			InitializePlatformSupportModulesInManaged (20ms)
			SetLoadedEditorAssemblies (16ms)
			RefreshPlugins (0ms)
			BeforeProcessingInitializeOnLoad (225ms)
			ProcessInitializeOnLoadAttributes (1405ms)
			ProcessInitializeOnLoadMethodAttributes (144ms)
			AfterProcessingInitializeOnLoad (6ms)
			EditorAssembliesLoaded (1ms)
		ExecutionOrderSort2 (0ms)
		AwakeInstancesAfterBackupRestoration (21ms)
Launched and connected shader compiler UnityShaderCompiler.exe after 0.22 seconds
Refreshing native plugins compatible for Editor in 11.68 ms, found 4 plugins.
Preloading 0 native plugins for Editor in 0.00 ms.
Unloading 4266 Unused Serialized files (Serialized files now loaded: 0)
Unloading 84 unused Assets / (341.6 KB). Loaded Objects now: 4722.
Memory consumption went from 153.9 MB to 153.6 MB.
Total: 13.082600 ms (FindLiveObjects: 1.121700 ms CreateObjectMapping: 0.724700 ms MarkObjects: 10.437800 ms  DeleteObjects: 0.795100 ms)

AssetImportParameters requested are different than current active one (requested -> active):
  custom:container-demuxer-ogg: 62fdf1f143b41e24485cea50d1cbac27 -> 
  custom:video-codec-MediaFoundation-h265: 746d11721c4dcdbdad8f713fa42b33f4 -> 
  custom:video-decoder-ogg-theora: a1e56fd34408186e4bbccfd4996cb3dc -> 
  custom:framework-win-MediaFoundation: 216162199b28c13a410421893ffa2e32 -> 
  custom:CustomObjectIndexerAttribute: 9a22284fe3817be447336de3de66b15e -> 
  custom:container-demuxer-webm: 4f35f7cbe854078d1ac9338744f61a02 -> 
  custom:container-muxer-webm: aa71ff27fc2769a1b78a27578f13a17b -> 
  custom:video-decoder-webm-vp8: 9c59270c3fd7afecdb556c50c9e8de78 -> 
  custom:SearchIndexIgnoredProperties: e643bd26f0fe6173181afceb89e7c659 -> 
  custom:AudioImporter_EditorPlatform: d09bf68614088b80899f8185d706f6e7 -> 
  custom:video-encoder-webm-vp8: eb34c28f22e8b96e1ab97ce403110664 -> 
  custom:audio-decoder-ogg-vorbis: bf7c407c2cedff20999df2af8eb42d56 -> 
  custom:audio-encoder-webm-vorbis: bf7c407c2cedff20999df2af8eb42d56 -> 
========================================================================
Received Import Request.
  Time since last request: 985218.250823 seconds.
  path: Assets/РњР°С‚РµСЂРёР°Р»С‹/РљРЅРѕРїРєРё/Button Kit/16x16 buttons blank Style 1/Green (2).png
  artifactKey: Guid(36176739b27da26479c73d6dd8cbcb92) Importer(815301076,1909f56bfc062723c751e8b465ee728b)
Start importing Assets/РњР°С‚РµСЂРёР°Р»С‹/РљРЅРѕРїРєРё/Button Kit/16x16 buttons blank Style 1/Green (2).png using Guid(36176739b27da26479c73d6dd8cbcb92) Importer(815301076,1909f56bfc062723c751e8b465ee728b)  -> (artifact id: '423974e71fb36796b0e6d66b759a426d') in 0.405932 seconds
Number of updated asset objects reloaded before import = 0
Number of asset objects unloaded after import = 3
========================================================================
Received Import Request.
  Time since last request: 0.000083 seconds.
  path: Assets/РњР°С‚РµСЂРёР°Р»С‹/РљРЅРѕРїРєРё/Button Kit/16x16 buttons Style 2 menu icons symbols only/16x16 Menu Symbols (51).png
  artifactKey: Guid(18b471fdb0e6a974da209fd21a0f2aac) Importer(815301076,1909f56bfc062723c751e8b465ee728b)
Start importing Assets/РњР°С‚РµСЂРёР°Р»С‹/РљРЅРѕРїРєРё/Button Kit/16x16 buttons Style 2 menu icons symbols only/16x16 Menu Symbols (51).png using Guid(18b471fdb0e6a974da209fd21a0f2aac) Importer(815301076,1909f56bfc062723c751e8b465ee728b)  -> (artifact id: '331b3e904baab22bb577b5efb14ea959') in 0.048605 seconds
Number of updated asset objects reloaded before import = 0
Number of asset objects unloaded after import = 3
========================================================================
Received Import Request.
  Time since last request: 0.000084 seconds.
  path: Assets/РњР°С‚РµСЂРёР°Р»С‹/РљРЅРѕРїРєРё/Button Kit/16x16 buttons Style 2 A-Z symbols only/g.png
  artifactKey: Guid(f7328427dfa2dbb4591b3af01ab0e62e) Importer(815301076,1909f56bfc062723c751e8b465ee728b)
Start importing Assets/РњР°С‚РµСЂРёР°Р»С‹/РљРЅРѕРїРєРё/Button Kit/16x16 buttons Style 2 A-Z symbols only/g.png using Guid(f7328427dfa2dbb4591b3af01ab0e62e) Importer(815301076,1909f56bfc062723c751e8b465ee728b)  -> (artifact id: '31f83357eeb65d8776f0a849ce47b5ec') in 0.052202 seconds
Number of updated asset objects reloaded before import = 0
Number of asset objects unloaded after import = 3
========================================================================
Received Import Request.
  Time since last request: 0.000246 seconds.
  path: Assets/РњР°С‚РµСЂРёР°Р»С‹/РљРЅРѕРїРєРё/Button Kit/32x16 buttons Style 1 with symbols/32x16 Button (6).png
  artifactKey: Guid(133cbb5e6c958c64faa884c527bb2940) Importer(815301076,1909f56bfc062723c751e8b465ee728b)
Start importing Assets/РњР°С‚РµСЂРёР°Р»С‹/РљРЅРѕРїРєРё/Button Kit/32x16 buttons Style 1 with symbols/32x16 Button (6).png using Guid(133cbb5e6c958c64faa884c527bb2940) Importer(815301076,1909f56bfc062723c751e8b465ee728b)  -> (artifact id: '405bbdd1c9b6202b1ef2355287bc1632') in 0.067110 seconds
Number of updated asset objects reloaded before import = 0
Number of asset objects unloaded after import = 3
========================================================================
Received Import Request.
  Time since last request: 0.000421 seconds.
  path: Assets/РњР°С‚РµСЂРёР°Р»С‹/РљРЅРѕРїРєРё/Button Kit/16x16 buttons Style 2 A-Z/G (2).png
  artifactKey: Guid(8d885b8a72494ec44ac9b12acf80a012) Importer(815301076,1909f56bfc062723c751e8b465ee728b)
Start importing Assets/РњР°С‚РµСЂРёР°Р»С‹/РљРЅРѕРїРєРё/Button Kit/16x16 buttons Style 2 A-Z/G (2).png using Guid(8d885b8a72494ec44ac9b12acf80a012) Importer(815301076,1909f56bfc062723c751e8b465ee728b)  -> (artifact id: '3929b38e8cda3bae287bbdd260d575f6') in 0.066886 seconds
Number of updated asset objects reloaded before import = 0
Number of asset objects unloaded after import = 3
========================================================================
Received Import Request.
  Time since last request: 0.000301 seconds.
  path: Assets/РњР°С‚РµСЂРёР°Р»С‹/РљРЅРѕРїРєРё/Button Kit/16x16 buttons blank Style 1/Green (1).png
  artifactKey: Guid(0f1bde4d1e3ee7c46b679cdd81bfa716) Importer(815301076,1909f56bfc062723c751e8b465ee728b)
Start importing Assets/РњР°С‚РµСЂРёР°Р»С‹/РљРЅРѕРїРєРё/Button Kit/16x16 buttons blank Style 1/Green (1).png using Guid(0f1bde4d1e3ee7c46b679cdd81bfa716) Importer(815301076,1909f56bfc062723c751e8b465ee728b)  -> (artifact id: '0c9bb7bd60a603c910c5b9749266c36b') in 0.076134 seconds
Number of updated asset objects reloaded before import = 0
Number of asset objects unloaded after import = 3
========================================================================
Received Import Request.
  Time since last request: 0.000112 seconds.
  path: Assets/РњР°С‚РµСЂРёР°Р»С‹/РљРЅРѕРїРєРё/Button Kit/16x16 buttons Style 2 A-Z symbols only/h.png
  artifactKey: Guid(c2b7d34d55305d4429e8b13f785e06cc) Importer(815301076,1909f56bfc062723c751e8b465ee728b)
Start importing Assets/РњР°С‚РµСЂРёР°Р»С‹/РљРЅРѕРїРєРё/Button Kit/16x16 buttons Style 2 A-Z symbols only/h.png using Guid(c2b7d34d55305d4429e8b13f785e06cc) Importer(815301076,1909f56bfc062723c751e8b465ee728b)  -> (artifact id: '62232ae7e28a6842a7ce5a8428196524') in 0.053553 seconds
Number of updated asset objects reloaded before import = 0
Number of asset objects unloaded after import = 3
========================================================================
Received Import Request.
  Time since last request: 0.000198 seconds.
  path: Assets/РњР°С‚РµСЂРёР°Р»С‹/РљРЅРѕРїРєРё/Button Kit/16x16 buttons Style 2 menu icons/16x16 Menu Buttons (114).png
  artifactKey: Guid(983f5a5a370cbdd4aad11cd8010c6b83) Importer(815301076,1909f56bfc062723c751e8b465ee728b)
Start importing Assets/РњР°С‚РµСЂРёР°Р»С‹/РљРЅРѕРїРєРё/Button Kit/16x16 buttons Style 2 menu icons/16x16 Menu Buttons (114).png using Guid(983f5a5a370cbdd4aad11cd8010c6b83) Importer(815301076,1909f56bfc062723c751e8b465ee728b)  -> (artifact id: '77a56e89aa57e80e41502354258740f7') in 0.050764 seconds
Number of updated asset objects reloaded before import = 0
Number of asset objects unloaded after import = 3
========================================================================
Received Import Request.
  Time since last request: 0.000102 seconds.
  path: Assets/РњР°С‚РµСЂРёР°Р»С‹/РљРЅРѕРїРєРё/Button Kit/16x16 buttons Style 2 menu icons symbols only/16x16 Menu Symbols (20).png
  artifactKey: Guid(d03a1b27eea3c5c4d880684c7f4e55b7) Importer(815301076,1909f56bfc062723c751e8b465ee728b)
Start importing Assets/РњР°С‚РµСЂРёР°Р»С‹/РљРЅРѕРїРєРё/Button Kit/16x16 buttons Style 2 menu icons symbols only/16x16 Menu Symbols (20).png using Guid(d03a1b27eea3c5c4d880684c7f4e55b7) Importer(815301076,1909f56bfc062723c751e8b465ee728b)  -> (artifact id: 'bd33c0a0952539378255c0a859ba0e9c') in 0.049305 seconds
Number of updated asset objects reloaded before import = 0
Number of asset objects unloaded after import = 3
========================================================================
Received Import Request.
  Time since last request: 0.000064 seconds.
  path: Assets/РњР°С‚РµСЂРёР°Р»С‹/РљРЅРѕРїРєРё/Button Kit/16x16 buttons Style 2 menu icons symbols only/16x16 Menu Symbols (21).png
  artifactKey: Guid(172d54f7708302b41b7ef759235ee9c8) Importer(815301076,1909f56bfc062723c751e8b465ee728b)
Start importing Assets/РњР°С‚РµСЂРёР°Р»С‹/РљРЅРѕРїРєРё/Button Kit/16x16 buttons Style 2 menu icons symbols only/16x16 Menu Symbols (21).png using Guid(172d54f7708302b41b7ef759235ee9c8) Importer(815301076,1909f56bfc062723c751e8b465ee728b)  -> (artifact id: 'e7e2633cf729018223ddba4edba55a7a') in 0.064563 seconds
Number of updated asset objects reloaded before import = 0
Number of asset objects unloaded after import = 3
========================================================================
Received Import Request.
  Time since last request: 0.000074 seconds.
  path: Assets/РњР°С‚РµСЂРёР°Р»С‹/РљРЅРѕРїРєРё/Button Kit/16x16 buttons Style 2 menu icons symbols only/16x16 Menu Symbols SpriteSheet.png
  artifactKey: Guid(387fdb2bdcf0bdf41977b1b3b37b4755) Importer(815301076,1909f56bfc062723c751e8b465ee728b)
Start importing Assets/РњР°С‚РµСЂРёР°Р»С‹/РљРЅРѕРїРєРё/Button Kit/16x16 buttons Style 2 menu icons symbols only/16x16 Menu Symbols SpriteSheet.png using Guid(387fdb2bdcf0bdf41977b1b3b37b4755) Importer(815301076,1909f56bfc062723c751e8b465ee728b)  -> (artifact id: '96c76308f6f1f94de14b417e958e19a7') in 0.047669 seconds
Number of updated asset objects reloaded before import = 0
Number of asset objects unloaded after import = 3
========================================================================
Received Import Request.
  Time since last request: 0.000087 seconds.
  path: Assets/РњР°С‚РµСЂРёР°Р»С‹/РљРЅРѕРїРєРё/Button Kit/16x16 buttons Style 2 menu icons symbols only/16x16 Menu Symbols (37).png
  artifactKey: Guid(e99003b1d97110b4eb5a73660267af3f) Importer(815301076,1909f56bfc062723c751e8b465ee728b)
Start importing Assets/РњР°С‚РµСЂРёР°Р»С‹/РљРЅРѕРїРєРё/Button Kit/16x16 buttons Style 2 menu icons symbols only/16x16 Menu Symbols (37).png using Guid(e99003b1d97110b4eb5a73660267af3f) Importer(815301076,1909f56bfc062723c751e8b465ee728b)  -> (artifact id: 'ca52106fa666b1dae83188c6674873a9') in 0.045200 seconds
Number of updated asset objects reloaded before import = 0
Number of asset objects unloaded after import = 3
========================================================================
Received Import Request.
  Time since last request: 0.000051 seconds.
  path: Assets/РњР°С‚РµСЂРёР°Р»С‹/РљРЅРѕРїРєРё/Button Kit/16x16 buttons Style 2 menu icons/16x16 Menu Buttons (101).png
  artifactKey: Guid(dd2d29ad37537b145b302ed2507e9fc4) Importer(815301076,1909f56bfc062723c751e8b465ee728b)
Start importing Assets/РњР°С‚РµСЂРёР°Р»С‹/РљРЅРѕРїРєРё/Button Kit/16x16 buttons Style 2 menu icons/16x16 Menu Buttons (101).png using Guid(dd2d29ad37537b145b302ed2507e9fc4) Importer(815301076,1909f56bfc062723c751e8b465ee728b)  -> (artifact id: '756f98715b40eed17f093abf09a625d6') in 0.049164 seconds
Number of updated asset objects reloaded before import = 0
Number of asset objects unloaded after import = 3
========================================================================
Received Import Request.
  Time since last request: 0.000116 seconds.
  path: Assets/РњР°С‚РµСЂРёР°Р»С‹/РљРЅРѕРїРєРё/Button Kit/16x16 buttons Style 2 A-Z symbols only/f.png
  artifactKey: Guid(2080b81cb92facc45b4dabac52d76a7a) Importer(815301076,1909f56bfc062723c751e8b465ee728b)
Start importing Assets/РњР°С‚РµСЂРёР°Р»С‹/РљРЅРѕРїРєРё/Button Kit/16x16 buttons Style 2 A-Z symbols only/f.png using Guid(2080b81cb92facc45b4dabac52d76a7a) Importer(815301076,1909f56bfc062723c751e8b465ee728b)  -> (artifact id: 'a46772b0f62dccf6d0b29387eb2cab20') in 0.050138 seconds
Number of updated asset objects reloaded before import = 0
Number of asset objects unloaded after import = 3
========================================================================
Received Import Request.
  Time since last request: 0.000085 seconds.
  path: Assets/РњР°С‚РµСЂРёР°Р»С‹/РљРЅРѕРїРєРё/Button Kit/16x16 buttons Style 2 menu icons/16x16 Menu Buttons (115).png
  artifactKey: Guid(94e083f7f425eb04792335121a5757b5) Importer(815301076,1909f56bfc062723c751e8b465ee728b)
Start importing Assets/РњР°С‚РµСЂРёР°Р»С‹/РљРЅРѕРїРєРё/Button Kit/16x16 buttons Style 2 menu icons/16x16 Menu Buttons (115).png using Guid(94e083f7f425eb04792335121a5757b5) Importer(815301076,1909f56bfc062723c751e8b465ee728b)  -> (artifact id: '5492a84d0e75197727c59397875ff739') in 0.049101 seconds
Number of updated asset objects reloaded before import = 0
Number of asset objects unloaded after import = 3
========================================================================
Received Import Request.
  Time since last request: 0.000048 seconds.
  path: Assets/РњР°С‚РµСЂРёР°Р»С‹/Р¤РѕРЅС‹ 1/Farmer Story Asset and Backgrounds v2/Farmer Story Sprites/Farmer Story Sprites Grey background.png
  artifactKey: Guid(32e1c4d0e8956bb46af977317e0d7dcf) Importer(815301076,1909f56bfc062723c751e8b465ee728b)
Start importing Assets/РњР°С‚РµСЂРёР°Р»С‹/Р¤РѕРЅС‹ 1/Farmer Story Asset and Backgrounds v2/Farmer Story Sprites/Farmer Story Sprites Grey background.png using Guid(32e1c4d0e8956bb46af977317e0d7dcf) Importer(815301076,1909f56bfc062723c751e8b465ee728b)  -> (artifact id: 'ed77ba7180c805438b1150b77c17abd4') in 0.064392 seconds
Number of updated asset objects reloaded before import = 0
Number of asset objects unloaded after import = 3
========================================================================
Received Import Request.
  Time since last request: 0.000357 seconds.
  path: Assets/РњР°С‚РµСЂРёР°Р»С‹/РљРЅРѕРїРєРё/Button Kit/16x16 buttons Style 2 menu icons/16x16 Menu Buttons (109).png
  artifactKey: Guid(26d227bc666a4694f8d03ea8887edf4e) Importer(815301076,1909f56bfc062723c751e8b465ee728b)
Start importing Assets/РњР°С‚РµСЂРёР°Р»С‹/РљРЅРѕРїРєРё/Button Kit/16x16 buttons Style 2 menu icons/16x16 Menu Buttons (109).png using Guid(26d227bc666a4694f8d03ea8887edf4e) Importer(815301076,1909f56bfc062723c751e8b465ee728b)  -> (artifact id: 'ab3baf5587e04a1123f8c00f88ea1a93') in 0.055115 seconds
Number of updated asset objects reloaded before import = 0
Number of asset objects unloaded after import = 3
========================================================================
Received Import Request.
  Time since last request: 0.000056 seconds.
  path: Assets/РњР°С‚РµСЂРёР°Р»С‹/РљРЅРѕРїРєРё/Button Kit/16x16 buttons Style 2 menu icons symbols only/16x16 Menu Symbols (44).png
  artifactKey: Guid(4a77234c71ac8314ca87bd9e97ee389e) Importer(815301076,1909f56bfc062723c751e8b465ee728b)
Start importing Assets/РњР°С‚РµСЂРёР°Р»С‹/РљРЅРѕРїРєРё/Button Kit/16x16 buttons Style 2 menu icons symbols only/16x16 Menu Symbols (44).png using Guid(4a77234c71ac8314ca87bd9e97ee389e) Importer(815301076,1909f56bfc062723c751e8b465ee728b)  -> (artifact id: '1cfa40928fa2545456e96b0873e22ac9') in 0.051020 seconds
Number of updated asset objects reloaded before import = 0
Number of asset objects unloaded after import = 3
========================================================================
Received Import Request.
  Time since last request: 0.000147 seconds.
  path: Assets/РњР°С‚РµСЂРёР°Р»С‹/РљРЅРѕРїРєРё/Button Kit/16x16 buttons Style 2 menu icons/16x16 Menu Buttons (104).png
  artifactKey: Guid(c24af9bd5a55aab40b9d6f807bc649af) Importer(815301076,1909f56bfc062723c751e8b465ee728b)
Start importing Assets/РњР°С‚РµСЂРёР°Р»С‹/РљРЅРѕРїРєРё/Button Kit/16x16 buttons Style 2 menu icons/16x16 Menu Buttons (104).png using Guid(c24af9bd5a55aab40b9d6f807bc649af) Importer(815301076,1909f56bfc062723c751e8b465ee728b)  -> (artifact id: '3234cfba2444b5afe5f2f17eed1abcb6') in 0.041518 seconds
Number of updated asset objects reloaded before import = 0
Number of asset objects unloaded after import = 3
========================================================================
Received Import Request.
  Time since last request: 0.000203 seconds.
  path: Assets/РњР°С‚РµСЂРёР°Р»С‹/РљРЅРѕРїРєРё/Button Kit/16x16 buttons Style 2 menu icons symbols only/16x16 Menu Symbols (54).png
  artifactKey: Guid(fc5637e5296a4df4cbe9caeecbf288f7) Importer(815301076,1909f56bfc062723c751e8b465ee728b)
Start importing Assets/РњР°С‚РµСЂРёР°Р»С‹/РљРЅРѕРїРєРё/Button Kit/16x16 buttons Style 2 menu icons symbols only/16x16 Menu Symbols (54).png using Guid(fc5637e5296a4df4cbe9caeecbf288f7) Importer(815301076,1909f56bfc062723c751e8b465ee728b)  -> (artifact id: '198339d7a1e2a4f8fa91f190daea94a7') in 0.046892 seconds
Number of updated asset objects reloaded before import = 0
Number of asset objects unloaded after import = 3
========================================================================
Received Import Request.
  Time since last request: 0.000050 seconds.
  path: Assets/РњР°С‚РµСЂРёР°Р»С‹/РљРЅРѕРїРєРё/Button Kit/16x16 buttons Style 2 menu icons/16x16 Menu Buttons (111).png
  artifactKey: Guid(8afce69affcb77c43ad4ed9994818dff) Importer(815301076,1909f56bfc062723c751e8b465ee728b)
Start importing Assets/РњР°С‚РµСЂРёР°Р»С‹/РљРЅРѕРїРєРё/Button Kit/16x16 buttons Style 2 menu icons/16x16 Menu Buttons (111).png using Guid(8afce69affcb77c43ad4ed9994818dff) Importer(815301076,1909f56bfc062723c751e8b465ee728b)  -> (artifact id: '0ba2bf7cccc4455f436c50658261f562') in 0.045724 seconds
Number of updated asset objects reloaded before import = 0
Number of asset objects unloaded after import = 3
========================================================================
Received Import Request.
  Time since last request: 0.000273 seconds.
  path: Assets/РњР°С‚РµСЂРёР°Р»С‹/РљРЅРѕРїРєРё/Button Kit/16x16 buttons Style 2 A-Z symbols only/e.png
  artifactKey: Guid(c4be76a0614148042bffe0f733c048db) Importer(815301076,1909f56bfc062723c751e8b465ee728b)
Start importing Assets/РњР°С‚РµСЂРёР°Р»С‹/РљРЅРѕРїРєРё/Button Kit/16x16 buttons Style 2 A-Z symbols only/e.png using Guid(c4be76a0614148042bffe0f733c048db) Importer(815301076,1909f56bfc062723c751e8b465ee728b)  -> (artifact id: '59029fee9ad523f1e0c03294d3bca723') in 0.052247 seconds
Number of updated asset objects reloaded before import = 0
Number of asset objects unloaded after import = 3
========================================================================
Received Import Request.
  Time since last request: 0.000111 seconds.
  path: Assets/РњР°С‚РµСЂРёР°Р»С‹/РљРЅРѕРїРєРё/Button Kit/16x16 buttons Style 2 calculator/Equals (2).png
  artifactKey: Guid(004ebfdae24b608458ec7be31d4d13b9) Importer(815301076,1909f56bfc062723c751e8b465ee728b)
Start importing Assets/РњР°С‚РµСЂРёР°Р»С‹/РљРЅРѕРїРєРё/Button Kit/16x16 buttons Style 2 calculator/Equals (2).png using Guid(004ebfdae24b608458ec7be31d4d13b9) Importer(815301076,1909f56bfc062723c751e8b465ee728b)  -> (artifact id: 'b39b6f2839e207d3ab40c9882c9e8d14') in 0.059341 seconds
Number of updated asset objects reloaded before import = 0
Number of asset objects unloaded after import = 3
========================================================================
Received Import Request.
  Time since last request: 0.000064 seconds.
  path: Assets/РњР°С‚РµСЂРёР°Р»С‹/РљРЅРѕРїРєРё/Button Kit/16x16 buttons Style 2 A-Z/G (1).png
  artifactKey: Guid(f6386221b84195d4b9beaef590158aeb) Importer(815301076,1909f56bfc062723c751e8b465ee728b)
Start importing Assets/РњР°С‚РµСЂРёР°Р»С‹/РљРЅРѕРїРєРё/Button Kit/16x16 buttons Style 2 A-Z/G (1).png using Guid(f6386221b84195d4b9beaef590158aeb) Importer(815301076,1909f56bfc062723c751e8b465ee728b)  -> (artifact id: 'f7f47de00121c995ddf13ec52e5dc952') in 0.053660 seconds
Number of updated asset objects reloaded before import = 0
Number of asset objects unloaded after import = 3
========================================================================
Received Import Request.
  Time since last request: 0.000879 seconds.
  path: Assets/РњР°С‚РµСЂРёР°Р»С‹/Р¤РѕРЅС‹/Farmer Story Asset and Backgrounds v2/Farmer Story Sprites/Farmer Story Sprites.png
  artifactKey: Guid(ae973ceed8417484ebd86395d8843d8b) Importer(815301076,1909f56bfc062723c751e8b465ee728b)
Start importing Assets/РњР°С‚РµСЂРёР°Р»С‹/Р¤РѕРЅС‹/Farmer Story Asset and Backgrounds v2/Farmer Story Sprites/Farmer Story Sprites.png using Guid(ae973ceed8417484ebd86395d8843d8b) Importer(815301076,1909f56bfc062723c751e8b465ee728b)  -> (artifact id: 'aa4a37473af544b62b217157c8e00ed3') in 0.078532 seconds
Number of updated asset objects reloaded before import = 0
Number of asset objects unloaded after import = 3
========================================================================
Received Import Request.
  Time since last request: 0.000053 seconds.
  path: Assets/РњР°С‚РµСЂРёР°Р»С‹/РљРЅРѕРїРєРё/Button Kit/16x16 buttons Style 2 menu icons symbols only/16x16 Menu Symbols (29).png
  artifactKey: Guid(bd7a3ba6745ba5040b45d9d9caf07d09) Importer(815301076,1909f56bfc062723c751e8b465ee728b)
Start importing Assets/РњР°С‚РµСЂРёР°Р»С‹/РљРЅРѕРїРєРё/Button Kit/16x16 buttons Style 2 menu icons symbols only/16x16 Menu Symbols (29).png using Guid(bd7a3ba6745ba5040b45d9d9caf07d09) Importer(815301076,1909f56bfc062723c751e8b465ee728b)  -> (artifact id: '231f6124a3d70336f3768ff28908f92a') in 0.047102 seconds
Number of updated asset objects reloaded before import = 0
Number of asset objects unloaded after import = 3
========================================================================
Received Import Request.
  Time since last request: 0.000046 seconds.
  path: Assets/РњР°С‚РµСЂРёР°Р»С‹/РљРЅРѕРїРєРё/Button Kit/16x16 buttons blank Style 2/16x16 Style 2 SpriteSheet.png
  artifactKey: Guid(2eca6e6759dfda54289da719c3f3f44f) Importer(815301076,1909f56bfc062723c751e8b465ee728b)
Start importing Assets/РњР°С‚РµСЂРёР°Р»С‹/РљРЅРѕРїРєРё/Button Kit/16x16 buttons blank Style 2/16x16 Style 2 SpriteSheet.png using Guid(2eca6e6759dfda54289da719c3f3f44f) Importer(815301076,1909f56bfc062723c751e8b465ee728b)  -> (artifact id: '49c175ffd59a496c44f432dce6ae3839') in 0.048495 seconds
Number of updated asset objects reloaded before import = 0
Number of asset objects unloaded after import = 3
========================================================================
Received Import Request.
  Time since last request: 0.000962 seconds.
  path: Assets/РњР°С‚РµСЂРёР°Р»С‹/РљРЅРѕРїРєРё/Button Kit/16x16 buttons Style 2 menu icons/16x16 Menu Buttons (108).png
  artifactKey: Guid(52de5a30b6f4bea43b44f8c66be4f57b) Importer(815301076,1909f56bfc062723c751e8b465ee728b)
Start importing Assets/РњР°С‚РµСЂРёР°Р»С‹/РљРЅРѕРїРєРё/Button Kit/16x16 buttons Style 2 menu icons/16x16 Menu Buttons (108).png using Guid(52de5a30b6f4bea43b44f8c66be4f57b) Importer(815301076,1909f56bfc062723c751e8b465ee728b)  -> (artifact id: '71f80d197602cdffad6c300f48a91d56') in 0.049750 seconds
Number of updated asset objects reloaded before import = 0
Number of asset objects unloaded after import = 3
========================================================================
Received Import Request.
  Time since last request: 0.000199 seconds.
  path: Assets/РњР°С‚РµСЂРёР°Р»С‹/РљРЅРѕРїРєРё/Button Kit/16x16 buttons Style 2 menu icons symbols only/16x16 Menu Symbols (53).png
  artifactKey: Guid(06f8b23f3c539e24ba4457a7a143ef44) Importer(815301076,1909f56bfc062723c751e8b465ee728b)
Start importing Assets/РњР°С‚РµСЂРёР°Р»С‹/РљРЅРѕРїРєРё/Button Kit/16x16 buttons Style 2 menu icons symbols only/16x16 Menu Symbols (53).png using Guid(06f8b23f3c539e24ba4457a7a143ef44) Importer(815301076,1909f56bfc062723c751e8b465ee728b)  -> (artifact id: '63b7e6c7b1b7a1282a41e7a8f0e5608d') in 0.047164 seconds
Number of updated asset objects reloaded before import = 0
Number of asset objects unloaded after import = 3
Editor requested this worker to shutdown with reason: Scaling down because of idle timeout
TcpMessagingSession - receive error: operation aborted. errorcode: 995, details: Операция ввода/вывода была прервана из-за завершения потока команд или по запросу приложения.
AssetImportWorker is now disconnected from the server
Process exiting
Exiting without the bug reporter. Application will terminate with return code 0